<?xml version="1.0" encoding="UTF-8"?>
<testng-results ignored="0" total="1" passed="1" failed="0" skipped="0">
  <reporter-output>
  </reporter-output>
  <suite started-at="2025-11-20T19:21:12 IST" name="Default suite" finished-at="2025-11-20T19:21:12 IST" duration-ms="45">
    <groups>
    </groups>
    <test started-at="2025-11-20T19:21:12 IST" name="Default test" finished-at="2025-11-20T19:21:12 IST" duration-ms="45">
      <class name="corejava.PS1">
        <test-method is-config="true" signature="BeforeRun()[pri:0, instance:corejava.PS1@7e07db1f]" started-at="2025-11-20T19:21:12 IST" name="BeforeRun" finished-at="2025-11-20T19:21:12 IST" duration-ms="6" status="PASS">
          <reporter-output>
          </reporter-output>
        </test-method> <!-- BeforeRun -->
        <test-method signature="TestRun()[pri:0, instance:corejava.PS1@7e07db1f]" started-at="2025-11-20T19:21:12 IST" name="TestRun" finished-at="2025-11-20T19:21:12 IST" duration-ms="7" status="PASS">
          <reporter-output>
          </reporter-output>
        </test-method> <!-- TestRun -->
      </class> <!-- corejava.PS1 -->
    </test> <!-- Default test -->
  </suite> <!-- Default suite -->
</testng-results>
